#
# There is insufficient memory for the Java Runtime Environment to continue.
# Native memory allocation (malloc) failed to allocate 1407184 bytes for Chunk::new
# Possible reasons:
#   The system is out of physical RAM or swap space
#   The process is running with CompressedOops enabled, and the Java Heap may be blocking the growth of the native heap
# Possible solutions:
#   Reduce memory load on the system
#   Increase physical memory or swap space
#   Check if swap backing store is full
#   Decrease Java heap size (-Xmx/-Xms)
#   Decrease number of Java threads
#   Decrease Java thread stack sizes (-Xss)
#   Set larger code cache with -XX:ReservedCodeCacheSize=
#   JVM is running with Unscaled Compressed Oops mode in which the Java heap is
#     placed in the first 4GB address space. The Java Heap base address is the
#     maximum limit for the native heap growth. Please use -XX:HeapBaseMinAddress
#     to set the Java Heap base and to place the Java Heap above 4GB virtual address.
# This output file may be truncated or incomplete.
#
#  Out of Memory Error (allocation.cpp:389), pid=12136, tid=0x0000000000002fd8
#
# JRE version: Java(TM) SE Runtime Environment (8.0_251-b08) (build 1.8.0_251-b08)
# Java VM: Java HotSpot(TM) 64-Bit Server VM (25.251-b08 mixed mode windows-amd64 compressed oops)
# Failed to write core dump. Minidumps are not enabled by default on client versions of Windows
#

---------------  T H R E A D  ---------------

Current thread (0x00000000189b2800):  JavaThread "C2 CompilerThread1" daemon [_thread_in_native, id=12248, stack(0x0000000019180000,0x0000000019280000)]

Stack: [0x0000000019180000,0x0000000019280000]
[error occurred during error reporting (printing stack bounds), id 0xc0000005]

Native frames: (J=compiled Java code, j=interpreted, Vv=VM code, C=native code)


Current CompileTask:
C2:  11461 3501   !   4       java.net.URLClassLoader$1::run (63 bytes)


---------------  P R O C E S S  ---------------

Java Threads: ( => current thread )
  0x0000000019943800 JavaThread "qtp2771454-20" [_thread_blocked, id=3968, stack(0x000000001dff0000,0x000000001e0f0000)]
  0x0000000019942800 JavaThread "qtp2771454-19" [_thread_blocked, id=14024, stack(0x000000001def0000,0x000000001dff0000)]
  0x000000001c9f4000 JavaThread "qtp2771454-18" [_thread_blocked, id=7844, stack(0x000000001ddf0000,0x000000001def0000)]
  0x000000001c330800 JavaThread "qtp2771454-17" [_thread_blocked, id=12768, stack(0x000000001dcf0000,0x000000001ddf0000)]
  0x0000000018c09000 JavaThread "qtp2771454-16" [_thread_blocked, id=12720, stack(0x000000001dbf0000,0x000000001dcf0000)]
  0x000000001be27800 JavaThread "qtp2771454-15" [_thread_blocked, id=12748, stack(0x000000001daf0000,0x000000001dbf0000)]
  0x0000000019680000 JavaThread "qtp2771454-14" [_thread_blocked, id=13824, stack(0x000000001d9f0000,0x000000001daf0000)]
  0x000000001bd22800 JavaThread "qtp2771454-13" [_thread_blocked, id=13260, stack(0x000000001d8f0000,0x000000001d9f0000)]
  0x0000000018a44800 JavaThread "Service Thread" daemon [_thread_blocked, id=7568, stack(0x0000000019380000,0x0000000019480000)]
  0x00000000189b4000 JavaThread "C1 CompilerThread2" daemon [_thread_blocked, id=13868, stack(0x0000000019280000,0x0000000019380000)]
=>0x00000000189b2800 JavaThread "C2 CompilerThread1" daemon [_thread_in_native, id=12248, stack(0x0000000019180000,0x0000000019280000)]
  0x00000000189ae000 JavaThread "C2 CompilerThread0" daemon [_thread_in_native, id=12828, stack(0x0000000019080000,0x0000000019180000)]
  0x00000000189a2000 JavaThread "Monitor Ctrl-Break" daemon [_thread_in_native, id=13180, stack(0x0000000018f80000,0x0000000019080000)]
  0x000000001760b000 JavaThread "Attach Listener" daemon [_thread_blocked, id=13192, stack(0x0000000018e80000,0x0000000018f80000)]
  0x00000000175c0000 JavaThread "Signal Dispatcher" daemon [_thread_blocked, id=6356, stack(0x0000000018d80000,0x0000000018e80000)]
  0x0000000002afc000 JavaThread "Finalizer" daemon [_thread_blocked, id=14052, stack(0x0000000018820000,0x0000000018920000)]
  0x0000000002af3000 JavaThread "Reference Handler" daemon [_thread_blocked, id=11928, stack(0x0000000018720000,0x0000000018820000)]
  0x000000000245e800 JavaThread "main" [_thread_in_vm, id=12856, stack(0x0000000002460000,0x0000000002560000)]

Other Threads:
  0x0000000017577800 VMThread [stack: 0x0000000018620000,0x0000000018720000] [id=9092]
  0x0000000018a52000 WatcherThread [stack: 0x0000000019480000,0x0000000019580000] [id=13872]

VM state:not at safepoint (normal execution)

VM Mutex/Monitor currently owned by a thread:  ([mutex/lock_event])
[0x0000000002a00850] SystemDictionary_lock - owner thread: 0x000000000245e800

heap address: 0x0000000082600000, size: 2010 MB, Compressed Oops mode: 32-bit
Narrow klass base: 0x0000000000000000, Narrow klass shift: 3
Compressed class space size: 1073741824 Address: 0x0000000100000000

Heap:
 PSYoungGen      total 64512K, used 5127K [0x00000000d6200000, 0x00000000db600000, 0x0000000100000000)
  eden space 59392K, 8% used [0x00000000d6200000,0x00000000d6701f78,0x00000000d9c00000)
  from space 5120K, 0% used [0x00000000da700000,0x00000000da700000,0x00000000dac00000)
  to   space 11264K, 0% used [0x00000000d9c00000,0x00000000d9c00000,0x00000000da700000)
 ParOldGen       total 72704K, used 14122K [0x0000000082600000, 0x0000000086d00000, 0x00000000d6200000)
  object space 72704K, 19% used [0x0000000082600000,0x00000000833cabe0,0x0000000086d00000)
 Metaspace       used 21523K, capacity 22050K, committed 22192K, reserved 1069056K
  class space    used 2531K, capacity 2733K, committed 2816K, reserved 1048576K

Card table byte_map: [0x0000000011ec0000,0x00000000122b0000] byte_map_base: 0x0000000011aad000

Marking Bits: (ParMarkBitMap*) 0x0000000062e5af90
 Begin Bits: [0x0000000012950000, 0x00000000148b8000)
 End Bits:   [0x00000000148b8000, 0x0000000016820000)

Polling page: 0x0000000000810000

CodeCache: size=245760Kb used=12083Kb max_used=12269Kb free=233676Kb
 bounds [0x0000000002b00000, 0x0000000003710000, 0x0000000011b00000]
 total_blobs=3889 nmethods=3481 adapters=319
 compilation: enabled

Compilation events (10 events):
Event: 11.295 Thread 0x00000000189b4000 3557       3       jdk.internal.org.objectweb.asm.MethodWriter::visitInsn (106 bytes)
Event: 11.296 Thread 0x00000000189b4000 nmethod 3557 0x0000000002d70350 code [0x0000000002d70500, 0x0000000002d709a8]
Event: 11.296 Thread 0x00000000189b4000 3558       1       sun.nio.fs.NativeBuffer::size (5 bytes)
Event: 11.296 Thread 0x00000000189b4000 nmethod 3558 0x0000000002c47ed0 code [0x0000000002c48020, 0x0000000002c48130]
Event: 11.302 Thread 0x00000000189b4000 3559       1       sun.nio.fs.WindowsPath::toString (5 bytes)
Event: 11.303 Thread 0x00000000189b4000 nmethod 3559 0x0000000002c36410 code [0x0000000002c36560, 0x0000000002c36670]
Event: 11.309 Thread 0x00000000189b4000 3560       1       sun.nio.fs.NativeBuffer::owner (5 bytes)
Event: 11.310 Thread 0x00000000189b4000 nmethod 3560 0x0000000002c36090 code [0x0000000002c361e0, 0x0000000002c362f0]
Event: 11.310 Thread 0x00000000189b4000 3561       3       sun.misc.URLClassPath::findResource (47 bytes)
Event: 11.310 Thread 0x00000000189b4000 nmethod 3561 0x0000000002c39e10 code [0x0000000002c39fa0, 0x0000000002c3a368]

GC Heap History (10 events):
Event: 2.823 GC heap before
{Heap before GC invocations=3 (full 0):
 PSYoungGen      total 37888K, used 37869K [0x00000000d6200000, 0x00000000dac00000, 0x0000000100000000)
  eden space 32768K, 100% used [0x00000000d6200000,0x00000000d8200000,0x00000000d8200000)
  from space 5120K, 99% used [0x00000000d8700000,0x00000000d8bfb4c8,0x00000000d8c00000)
  to   space 5120K, 0% used [0x00000000d8200000,0x00000000d8200000,0x00000000d8700000)
 ParOldGen       total 86016K, used 1702K [0x0000000082600000, 0x0000000087a00000, 0x00000000d6200000)
  object space 86016K, 1% used [0x0000000082600000,0x00000000827a9ab0,0x0000000087a00000)
 Metaspace       used 15188K, capacity 15520K, committed 15872K, reserved 1062912K
  class space    used 1863K, capacity 1942K, committed 2048K, reserved 1048576K
Event: 2.837 GC heap after
Heap after GC invocations=3 (full 0):
 PSYoungGen      total 37888K, used 5112K [0x00000000d6200000, 0x00000000dac00000, 0x0000000100000000)
  eden space 32768K, 0% used [0x00000000d6200000,0x00000000d6200000,0x00000000d8200000)
  from space 5120K, 99% used [0x00000000d8200000,0x00000000d86fe030,0x00000000d8700000)
  to   space 5120K, 0% used [0x00000000da700000,0x00000000da700000,0x00000000dac00000)
 ParOldGen       total 86016K, used 4482K [0x0000000082600000, 0x0000000087a00000, 0x00000000d6200000)
  object space 86016K, 5% used [0x0000000082600000,0x0000000082a60b88,0x0000000087a00000)
 Metaspace       used 15188K, capacity 15520K, committed 15872K, reserved 1062912K
  class space    used 1863K, capacity 1942K, committed 2048K, reserved 1048576K
}
Event: 4.160 GC heap before
{Heap before GC invocations=4 (full 0):
 PSYoungGen      total 37888K, used 37880K [0x00000000d6200000, 0x00000000dac00000, 0x0000000100000000)
  eden space 32768K, 100% used [0x00000000d6200000,0x00000000d8200000,0x00000000d8200000)
  from space 5120K, 99% used [0x00000000d8200000,0x00000000d86fe030,0x00000000d8700000)
  to   space 5120K, 0% used [0x00000000da700000,0x00000000da700000,0x00000000dac00000)
 ParOldGen       total 86016K, used 4482K [0x0000000082600000, 0x0000000087a00000, 0x00000000d6200000)
  object space 86016K, 5% used [0x0000000082600000,0x0000000082a60b88,0x0000000087a00000)
 Metaspace       used 16137K, capacity 16478K, committed 16640K, reserved 1064960K
  class space    used 1956K, capacity 2047K, committed 2048K, reserved 1048576K
Event: 4.175 GC heap after
Heap after GC invocations=4 (full 0):
 PSYoungGen      total 70656K, used 5096K [0x00000000d6200000, 0x00000000dac00000, 0x0000000100000000)
  eden space 65536K, 0% used [0x00000000d6200000,0x00000000d6200000,0x00000000da200000)
  from space 5120K, 99% used [0x00000000da700000,0x00000000dabfa020,0x00000000dac00000)
  to   space 5120K, 0% used [0x00000000da200000,0x00000000da200000,0x00000000da700000)
 ParOldGen       total 86016K, used 6812K [0x0000000082600000, 0x0000000087a00000, 0x00000000d6200000)
  object space 86016K, 7% used [0x0000000082600000,0x0000000082ca73f0,0x0000000087a00000)
 Metaspace       used 16137K, capacity 16478K, committed 16640K, reserved 1064960K
  class space    used 1956K, capacity 2047K, committed 2048K, reserved 1048576K
}
Event: 7.758 GC heap before
{Heap before GC invocations=5 (full 0):
 PSYoungGen      total 70656K, used 70632K [0x00000000d6200000, 0x00000000dac00000, 0x0000000100000000)
  eden space 65536K, 100% used [0x00000000d6200000,0x00000000da200000,0x00000000da200000)
  from space 5120K, 99% used [0x00000000da700000,0x00000000dabfa020,0x00000000dac00000)
  to   space 5120K, 0% used [0x00000000da200000,0x00000000da200000,0x00000000da700000)
 ParOldGen       total 86016K, used 6812K [0x0000000082600000, 0x0000000087a00000, 0x00000000d6200000)
  object space 86016K, 7% used [0x0000000082600000,0x0000000082ca73f0,0x0000000087a00000)
 Metaspace       used 16971K, capacity 17368K, committed 17536K, reserved 1064960K
  class space    used 1992K, capacity 2126K, committed 2176K, reserved 1048576K
Event: 7.785 GC heap after
Heap after GC invocations=5 (full 0):
 PSYoungGen      total 70656K, used 5112K [0x00000000d6200000, 0x00000000dac00000, 0x0000000100000000)
  eden space 65536K, 0% used [0x00000000d6200000,0x00000000d6200000,0x00000000da200000)
  from space 5120K, 99% used [0x00000000da200000,0x00000000da6fe030,0x00000000da700000)
  to   space 5120K, 0% used [0x00000000da700000,0x00000000da700000,0x00000000dac00000)
 ParOldGen       total 86016K, used 10715K [0x0000000082600000, 0x0000000087a00000, 0x00000000d6200000)
  object space 86016K, 12% used [0x0000000082600000,0x0000000083076fc0,0x0000000087a00000)
 Metaspace       used 16971K, capacity 17368K, committed 17536K, reserved 1064960K
  class space    used 1992K, capacity 2126K, committed 2176K, reserved 1048576K
}
Event: 10.785 GC heap before
{Heap before GC invocations=6 (full 0):
 PSYoungGen      total 70656K, used 42741K [0x00000000d6200000, 0x00000000dac00000, 0x0000000100000000)
  eden space 65536K, 57% used [0x00000000d6200000,0x00000000d86bf740,0x00000000da200000)
  from space 5120K, 99% used [0x00000000da200000,0x00000000da6fe030,0x00000000da700000)
  to   space 5120K, 0% used [0x00000000da700000,0x00000000da700000,0x00000000dac00000)
 ParOldGen       total 86016K, used 10715K [0x0000000082600000, 0x0000000087a00000, 0x00000000d6200000)
  object space 86016K, 12% used [0x0000000082600000,0x0000000083076fc0,0x0000000087a00000)
 Metaspace       used 20626K, capacity 21106K, committed 21296K, reserved 1069056K
  class space    used 2411K, capacity 2611K, committed 2688K, reserved 1048576K
Event: 10.803 GC heap after
Heap after GC invocations=6 (full 0):
 PSYoungGen      total 64512K, used 5096K [0x00000000d6200000, 0x00000000db600000, 0x0000000100000000)
  eden space 59392K, 0% used [0x00000000d6200000,0x00000000d6200000,0x00000000d9c00000)
  from space 5120K, 99% used [0x00000000da700000,0x00000000dabfa040,0x00000000dac00000)
  to   space 11264K, 0% used [0x00000000d9c00000,0x00000000d9c00000,0x00000000da700000)
 ParOldGen       total 86016K, used 15257K [0x0000000082600000, 0x0000000087a00000, 0x00000000d6200000)
  object space 86016K, 17% used [0x0000000082600000,0x00000000834e64c8,0x0000000087a00000)
 Metaspace       used 20626K, capacity 21106K, committed 21296K, reserved 1069056K
  class space    used 2411K, capacity 2611K, committed 2688K, reserved 1048576K
}
Event: 10.803 GC heap before
{Heap before GC invocations=7 (full 1):
 PSYoungGen      total 64512K, used 5096K [0x00000000d6200000, 0x00000000db600000, 0x0000000100000000)
  eden space 59392K, 0% used [0x00000000d6200000,0x00000000d6200000,0x00000000d9c00000)
  from space 5120K, 99% used [0x00000000da700000,0x00000000dabfa040,0x00000000dac00000)
  to   space 11264K, 0% used [0x00000000d9c00000,0x00000000d9c00000,0x00000000da700000)
 ParOldGen       total 86016K, used 15257K [0x0000000082600000, 0x0000000087a00000, 0x00000000d6200000)
  object space 86016K, 17% used [0x0000000082600000,0x00000000834e64c8,0x0000000087a00000)
 Metaspace       used 20626K, capacity 21106K, committed 21296K, reserved 1069056K
  class space    used 2411K, capacity 2611K, committed 2688K, reserved 1048576K
Event: 10.949 GC heap after
Heap after GC invocations=7 (full 1):
 PSYoungGen      total 64512K, used 0K [0x00000000d6200000, 0x00000000db600000, 0x0000000100000000)
  eden space 59392K, 0% used [0x00000000d6200000,0x00000000d6200000,0x00000000d9c00000)
  from space 5120K, 0% used [0x00000000da700000,0x00000000da700000,0x00000000dac00000)
  to   space 11264K, 0% used [0x00000000d9c00000,0x00000000d9c00000,0x00000000da700000)
 ParOldGen       total 72704K, used 14122K [0x0000000082600000, 0x0000000086d00000, 0x00000000d6200000)
  object space 72704K, 19% used [0x0000000082600000,0x00000000833cabe0,0x0000000086d00000)
 Metaspace       used 20626K, capacity 21106K, committed 21296K, reserved 1069056K
  class space    used 2411K, capacity 2611K, committed 2688K, reserved 1048576K
}

Deoptimization events (10 events):
Event: 6.776 Thread 0x000000000245e800 Uncommon trap: reason=class_check action=maybe_recompile pc=0x0000000003401ce8 method=org.codehaus.plexus.interpolation.MapBasedValueSource.getValue(Ljava/lang/String;)Ljava/lang/Object; @ 16
Event: 6.776 Thread 0x000000000245e800 Uncommon trap: reason=class_check action=maybe_recompile pc=0x0000000003401ce8 method=org.codehaus.plexus.interpolation.MapBasedValueSource.getValue(Ljava/lang/String;)Ljava/lang/Object; @ 16
Event: 6.777 Thread 0x000000000245e800 Uncommon trap: reason=class_check action=maybe_recompile pc=0x0000000003401ce8 method=org.codehaus.plexus.interpolation.MapBasedValueSource.getValue(Ljava/lang/String;)Ljava/lang/Object; @ 16
Event: 8.659 Thread 0x000000000245e800 Uncommon trap: reason=unstable_if action=reinterpret pc=0x00000000033af0e0 method=java.util.jar.Manifest$FastInputStream.readLine([BII)I @ 87
Event: 10.163 Thread 0x000000000245e800 Uncommon trap: reason=bimorphic action=maybe_recompile pc=0x0000000003072c64 method=java.util.regex.Pattern$CharProperty.match(Ljava/util/regex/Matcher;ILjava/lang/CharSequence;)Z @ 37
Event: 10.343 Thread 0x000000000245e800 Uncommon trap: reason=bimorphic action=maybe_recompile pc=0x0000000003072c64 method=java.util.regex.Pattern$CharProperty.match(Ljava/util/regex/Matcher;ILjava/lang/CharSequence;)Z @ 37
Event: 10.459 Thread 0x000000000245e800 Uncommon trap: reason=unstable_if action=reinterpret pc=0x00000000035cbe8c method=java.lang.reflect.Field.set(Ljava/lang/Object;Ljava/lang/Object;)V @ 4
Event: 10.550 Thread 0x000000000245e800 Uncommon trap: reason=unstable_if action=reinterpret pc=0x000000000331ea98 method=java.util.Properties$LineReader.readLine()I @ 81
Event: 10.667 Thread 0x000000000245e800 Uncommon trap: reason=unstable_if action=reinterpret pc=0x00000000033d172c method=org.codehaus.plexus.classworlds.realm.Entry.matches(Ljava/lang/String;)Z @ 20
Event: 11.179 Thread 0x0000000019943800 Uncommon trap: reason=unstable_if action=reinterpret pc=0x00000000036965e8 method=java.util.concurrent.locks.AbstractQueuedSynchronizer.release(I)Z @ 14

Classes redefined (0 events):
No events

Internal exceptions (10 events):
Event: 11.290 Thread 0x000000000245e800 Exception <a 'sun/nio/fs/WindowsException'> (0x00000000d6668000) thrown at [C:\jenkins\workspace\8-2-build-windows-amd64-cygwin\jdk8u251\737\hotspot\src\share\vm\prims\jni.cpp, line 710]
Event: 11.296 Thread 0x000000000245e800 Exception <a 'sun/nio/fs/WindowsException'> (0x00000000d66707e0) thrown at [C:\jenkins\workspace\8-2-build-windows-amd64-cygwin\jdk8u251\737\hotspot\src\share\vm\prims\jni.cpp, line 710]
Event: 11.299 Thread 0x000000000245e800 Exception <a 'sun/nio/fs/WindowsException'> (0x00000000d6672b88) thrown at [C:\jenkins\workspace\8-2-build-windows-amd64-cygwin\jdk8u251\737\hotspot\src\share\vm\prims\jni.cpp, line 710]
Event: 11.304 Thread 0x000000000245e800 Exception <a 'sun/nio/fs/WindowsException'> (0x00000000d6674e08) thrown at [C:\jenkins\workspace\8-2-build-windows-amd64-cygwin\jdk8u251\737\hotspot\src\share\vm\prims\jni.cpp, line 710]
Event: 11.305 Thread 0x000000000245e800 Exception <a 'sun/nio/fs/WindowsException'> (0x00000000d66759a0) thrown at [C:\jenkins\workspace\8-2-build-windows-amd64-cygwin\jdk8u251\737\hotspot\src\share\vm\prims\jni.cpp, line 710]
Event: 11.308 Thread 0x000000000245e800 Exception <a 'sun/nio/fs/WindowsException'> (0x00000000d66776f0) thrown at [C:\jenkins\workspace\8-2-build-windows-amd64-cygwin\jdk8u251\737\hotspot\src\share\vm\prims\jni.cpp, line 710]
Event: 11.309 Thread 0x000000000245e800 Exception <a 'sun/nio/fs/WindowsException'> (0x00000000d6677f88) thrown at [C:\jenkins\workspace\8-2-build-windows-amd64-cygwin\jdk8u251\737\hotspot\src\share\vm\prims\jni.cpp, line 710]
Event: 11.309 Thread 0x000000000245e800 Exception <a 'sun/nio/fs/WindowsException'> (0x00000000d66787b8) thrown at [C:\jenkins\workspace\8-2-build-windows-amd64-cygwin\jdk8u251\737\hotspot\src\share\vm\prims\jni.cpp, line 710]
Event: 11.309 Thread 0x000000000245e800 Exception <a 'sun/nio/fs/WindowsException'> (0x00000000d6678ec8) thrown at [C:\jenkins\workspace\8-2-build-windows-amd64-cygwin\jdk8u251\737\hotspot\src\share\vm\prims\jni.cpp, line 710]
Event: 11.309 Thread 0x000000000245e800 Exception <a 'sun/nio/fs/WindowsException'> (0x00000000d6679b58) thrown at [C:\jenkins\workspace\8-2-build-windows-amd64-cygwin\jdk8u251\737\hotspot\src\share\vm\prims\jni.cpp, line 710]

Events (10 events):
Event: 11.332 loading class org/xml/sax/helpers/DefaultHandler done
Event: 11.332 loading class org/eclipse/jetty/xml/XmlParser$Handler
Event: 11.332 loading class org/eclipse/jetty/xml/XmlParser$Handler done
Event: 11.332 loading class org/eclipse/jetty/xml/XmlParser$Handler
Event: 11.332 loading class org/eclipse/jetty/xml/XmlParser$Handler done
Event: 11.337 loading class org/xml/sax/SAXParseException
Event: 11.338 loading class org/xml/sax/SAXParseException done
Event: 11.339 loading class javax/xml/parsers/SAXParserFactory
Event: 11.353 loading class javax/xml/parsers/SAXParserFactory done
Event: 11.353 loading class javax/xml/parsers/FactoryFinder


Dynamic libraries:
0x00007ff6c1b50000 - 0x00007ff6c1b87000 	D:\java\1.8\bin\java.exe
0x00007ffe3bcf0000 - 0x00007ffe3bedd000 	C:\Windows\SYSTEM32\ntdll.dll
0x00007ffe3ab00000 - 0x00007ffe3abb3000 	C:\Windows\System32\KERNEL32.DLL
0x00007ffe38370000 - 0x00007ffe38603000 	C:\Windows\System32\KERNELBASE.dll
0x00007ffe38fd0000 - 0x00007ffe39073000 	C:\Windows\System32\ADVAPI32.dll
0x00007ffe3b810000 - 0x00007ffe3b8ae000 	C:\Windows\System32\msvcrt.dll
0x00007ffe3ac40000 - 0x00007ffe3acde000 	C:\Windows\System32\sechost.dll
0x00007ffe3ae70000 - 0x00007ffe3af92000 	C:\Windows\System32\RPCRT4.dll
0x00007ffe3b540000 - 0x00007ffe3b6d7000 	C:\Windows\System32\USER32.dll
0x00007ffe38010000 - 0x00007ffe38030000 	C:\Windows\System32\win32u.dll
0x00007ffe3b8b0000 - 0x00007ffe3b8d9000 	C:\Windows\System32\GDI32.dll
0x00007ffe37e70000 - 0x00007ffe3800a000 	C:\Windows\System32\gdi32full.dll
0x00007ffe38640000 - 0x00007ffe386e0000 	C:\Windows\System32\msvcp_win.dll
0x00007ffe38270000 - 0x00007ffe3836a000 	C:\Windows\System32\ucrtbase.dll
0x00007ffe244a0000 - 0x00007ffe24719000 	C:\Windows\WinSxS\amd64_microsoft.windows.common-controls_6595b64144ccf1df_6.0.17763.348_none_05b73c0a071d7a57\COMCTL32.dll
0x00007ffe39080000 - 0x00007ffe393ad000 	C:\Windows\System32\combase.dll
0x00007ffe38e50000 - 0x00007ffe38ece000 	C:\Windows\System32\bcryptPrimitives.dll
0x00007ffe38fa0000 - 0x00007ffe38fce000 	C:\Windows\System32\IMM32.DLL
0x0000000062ee0000 - 0x0000000062fb2000 	D:\java\1.8\jre\bin\msvcr100.dll
0x0000000062630000 - 0x0000000062edb000 	D:\java\1.8\jre\bin\server\jvm.dll
0x00007ffe3ace0000 - 0x00007ffe3ace8000 	C:\Windows\System32\PSAPI.DLL
0x00007ffe37810000 - 0x00007ffe3781a000 	C:\Windows\SYSTEM32\VERSION.dll
0x00007ffe30780000 - 0x00007ffe307a4000 	C:\Windows\SYSTEM32\WINMM.dll
0x00007ffe306d0000 - 0x00007ffe306fd000 	C:\Windows\SYSTEM32\winmmbase.dll
0x00007ffe1b650000 - 0x00007ffe1b659000 	C:\Windows\SYSTEM32\WSOCK32.dll
0x00007ffe38ed0000 - 0x00007ffe38f1a000 	C:\Windows\System32\cfgmgr32.dll
0x00007ffe3afa0000 - 0x00007ffe3b00d000 	C:\Windows\System32\WS2_32.dll
0x00007ffe25080000 - 0x00007ffe2508f000 	D:\java\1.8\jre\bin\verify.dll
0x00007ffdfa9c0000 - 0x00007ffdfa9e9000 	D:\java\1.8\jre\bin\java.dll
0x00007ffe22690000 - 0x00007ffe226b3000 	D:\java\1.8\jre\bin\instrument.dll
0x00007ffdfa9a0000 - 0x00007ffdfa9b6000 	D:\java\1.8\jre\bin\zip.dll
0x00007ffe39540000 - 0x00007ffe3aa30000 	C:\Windows\System32\SHELL32.dll
0x00007ffe3b490000 - 0x00007ffe3b538000 	C:\Windows\System32\shcore.dll
0x00007ffe38700000 - 0x00007ffe38e4a000 	C:\Windows\System32\windows.storage.dll
0x00007ffe37d90000 - 0x00007ffe37db4000 	C:\Windows\System32\profapi.dll
0x00007ffe37d30000 - 0x00007ffe37d8d000 	C:\Windows\System32\powrprof.dll
0x00007ffe38f40000 - 0x00007ffe38f92000 	C:\Windows\System32\shlwapi.dll
0x00007ffe37d10000 - 0x00007ffe37d21000 	C:\Windows\System32\kernel.appcore.dll
0x00007ffe386e0000 - 0x00007ffe386f7000 	C:\Windows\System32\cryptsp.dll
0x00007ffe29e70000 - 0x00007ffe29e8a000 	D:\Program Files\IntelliJ IDEA 2018.3.2\bin\breakgen64.dll
0x00007ffe03150000 - 0x00007ffe0316a000 	D:\java\1.8\jre\bin\net.dll
0x00007ffe37500000 - 0x00007ffe37567000 	C:\Windows\system32\mswsock.dll
0x00007ffdfa800000 - 0x00007ffdfa812000 	D:\java\1.8\jre\bin\nio.dll
0x00007ffe29e20000 - 0x00007ffe29e2d000 	D:\java\1.8\jre\bin\management.dll

VM Arguments:
jvm_args: -Dmaven.multiModuleProjectDirectory=D:\project\freemark -Dmaven.home=D:\Program Files\IntelliJ IDEA 2018.3.2\plugins\maven\lib\maven3 -Dclassworlds.conf=D:\Program Files\IntelliJ IDEA 2018.3.2\plugins\maven\lib\maven3\bin\m2.conf -javaagent:D:\Program Files\IntelliJ IDEA 2018.3.2\lib\idea_rt.jar=64135:D:\Program Files\IntelliJ IDEA 2018.3.2\bin -Dfile.encoding=UTF-8 
java_command: org.codehaus.classworlds.Launcher -Didea.version=2018.3.2 jetty:run -Djetty.port=8080
java_class_path (initial): D:\Program Files\IntelliJ IDEA 2018.3.2\plugins\maven\lib\maven3\boot\plexus-classworlds-2.5.2.jar;D:\Program Files\IntelliJ IDEA 2018.3.2\lib\idea_rt.jar
Launcher Type: SUN_STANDARD

Environment Variables:
JAVA_HOME=D:\java\1.8
CLASSPATH=.;D:\java\1.8\lib
PATH=D:\oracle\bin;C:\Program Files (x86)\Common Files\Oracle\Java\javapath;D:\Program Files\xmanager\Xlpd 6\;D:\Program Files\xmanager\Xftp 6\;D:\Program Files\xshell\;C:\Windows\system32;C:\Windows;C:\Windows\System32\Wbem;C:\Windows\System32\WindowsPowerShell\v1.0\;C:\Windows\System32\OpenSSH\;C:\Program Files (x86)\Intel\Intel(R) Management Engine Components\DAL;C:\Program Files\Intel\Intel(R) Management Engine Components\DAL;D:\Program Files\go\bin;D:\Program Files\Navicat Premium 12\instantclient_12_2;C:\Program Files\Microsoft SQL Server\110\Tools\Binn\;C:\instantclient_11_2;D:\Program Files\mysql\active perl\bin;D:\Program Files\mysql\GnuWin32\bin;D:\mysql-5.7.29-winx64\bin;C:\Program Files\Microsoft SQL Server\120\DTS\Binn\;C:\Program Files\Microsoft SQL Server\Client SDK\ODBC\110\Tools\Binn\;C:\Program Files (x86)\Microsoft SQL Server\120\Tools\Binn\;C:\Program Files\Microsoft SQL Server\120\Tools\Binn\;C:\Program Files (x86)\Microsoft SQL Server\120\Tools\Binn\ManagementStudio\;C:\Program Files (x86)\Microsoft SQL Server\120\DTS\Binn\;D:\MinGW\bin;D:\Program Files\apache-maven-3.6.3\bin;D:\java\1.8\bin;D:\nodejs\;D:\nodejs\node_global;C:\Program Files\dotnet\;C:\Program Files\Microsoft SQL Server\130\Tools\Binn\;C:\Program Files\Microsoft SQL Server\Client SDK\ODBC\170\Tools\Binn\;D:\Program Files\svn\bin;D:\git\Git\cmd;D:\lang\py3.7\Scripts\;D:\lang\py3.7\;C:\Users\Administrator\AppData\Local\Microsoft\WindowsApps;C:\Users\Administrator\go\bin;"D:\java\1.8\bin;D:\java\1.8\jre\bin";;D:\Program Files\PyCharm 2019.1.1\bin;;D:\Program Files\IntelliJ IDEA 2018.3.2\bin;;D:\Program Files\Microsoft VS Code\bin;D:\Program Files\Fiddler;C:\Users\Administrator\AppData\Roaming\npm;C:\Users\Administrator\.dotnet\tools
USERNAME=Administrator
OS=Windows_NT
PROCESSOR_IDENTIFIER=Intel64 Family 6 Model 142 Stepping 11, GenuineIntel



---------------  S Y S T E M  ---------------

OS: Windows 10.0 , 64 bit Build 17763 (10.0.17763.292)

CPU:total 4 (initial active 4) (4 cores per cpu, 2 threads per core) family 6 model 142 stepping 11, cmov, cx8, fxsr, mmx, sse, sse2, sse3, ssse3, sse4.1, sse4.2, popcnt, avx, avx2, aes, clmul, erms, 3dnowpref, lzcnt, ht, tsc, tscinvbit, bmi1, bmi2, adx

Memory: 4k page, physical 8230164k(2143408k free), swap 10327316k(6332k free)

vm_info: Java HotSpot(TM) 64-Bit Server VM (25.251-b08) for windows-amd64 JRE (1.8.0_251-b08), built on Mar 12 2020 06:31:49 by "" with MS VC++ 10.0 (VS2010)

time: Fri Aug 20 10:24:57 2021
timezone: 中国标准时间
elapsed time: 11 seconds (0d 0h 0m 11s)

